<?xml version="1.0" encoding="UTF-8"?>
<testsuites name="itcore" time="603.822" tests="2" failures="2" errors="0">
   <testsuite name="itcore" tests="2" failures="2" errors="0" time="603.822" skipped="0" timestamp="14-06-2024T15:10:09" hostname="RUSA-L2PC-42 - DESKTOP-0J1EMLM" id="Test Suites/itcore">
      <properties>
         <property name="deviceName" value=""/>
         <property name="devicePlatform"/>
         <property name="logFolder" value="C:\\Users\\RUSA-L2PC-42\\Katalon Studio\\PERUMAL\\Reports\\20240614_150959\\itcore\\20240614_150959"/>
         <property name="logFiles" value="C:\\Users\\RUSA-L2PC-42\\Katalon Studio\\PERUMAL\\Reports\\20240614_150959\\itcore\\20240614_150959\\execution0.log"/>
         <property name="attachments" value="C:\\Users\\RUSA-L2PC-42\\Katalon Studio\\PERUMAL\\Reports\\20240614_150959\\itcore\\20240614_150959\\1718358090485.png, C:\\Users\\RUSA-L2PC-42\\Katalon Studio\\PERUMAL\\Reports\\20240614_150959\\itcore\\20240614_150959\\1718358161760.png, C:\\Users\\RUSA-L2PC-42\\Katalon Studio\\PERUMAL\\Reports\\20240614_150959\\itcore\\20240614_150959\\1718358256641.png, C:\\Users\\RUSA-L2PC-42\\Katalon Studio\\PERUMAL\\Reports\\20240614_150959\\itcore\\20240614_150959\\1718358327743.png, C:\\Users\\RUSA-L2PC-42\\Katalon Studio\\PERUMAL\\Reports\\20240614_150959\\itcore\\20240614_150959\\1718358398065.png, C:\\Users\\RUSA-L2PC-42\\Katalon Studio\\PERUMAL\\Reports\\20240614_150959\\itcore\\20240614_150959\\1718358469425.png, C:\\Users\\RUSA-L2PC-42\\Katalon Studio\\PERUMAL\\Reports\\20240614_150959\\itcore\\20240614_150959\\1718358542644.png, C:\\Users\\RUSA-L2PC-42\\Katalon Studio\\PERUMAL\\Reports\\20240614_150959\\itcore\\20240614_150959\\1718358613500.png"/>
         <property name="hostName" value="RUSA-L2PC-42 - DESKTOP-0J1EMLM"/>
         <property name="os" value="Windows 11 64bit"/>
         <property name="katalonVersion" value="9.5.0.217"/>
         <property name="browser" value="Chrome 126.0.0.0"/>
         <property name="hostAddress" value="192.168.56.1"/>
         <property name="sessionId" value="1ddbd7607b1f8d1136f98464483e1401"/>
         <property name="seleniumVersion" value="3.141.59"/>
         <property name="proxyInformation" value="ProxyInformation { proxyOption=NO_PROXY, proxyServerType=HTTP, username=, password=********, proxyServerAddress=, proxyServerPort=0, executionList=&quot;&quot;, isApplyToDesiredCapabilities=true }"/>
         <property name="platform" value="Windows 11"/>
      </properties>
      <testcase name="Test Cases/ITCORE/it_testcase" time="71.094" classname="Test Cases/ITCORE/it_testcase" status="FAILED">
         <failure type="FAILED" message="Test Cases/ITCORE/it_testcase FAILED.&#xa;Reason:&#xa;com.kms.katalon.core.exception.StepFailedException: Unable to click on object 'Object Repository/itcore/Page_ITCEMembers  CCNA CCNP CCIE Tamil Trai_d6a8fe/a_Job Openings'&#xa;	at com.kms.katalon.core.webui.keyword.internal.WebUIKeywordMain.stepFailed(WebUIKeywordMain.groovy:64)&#xa;	at com.kms.katalon.core.webui.keyword.internal.WebUIKeywordMain.runKeyword(WebUIKeywordMain.groovy:26)&#xa;	at com.kms.katalon.core.webui.keyword.builtin.ClickKeyword.click(ClickKeyword.groovy:74)&#xa;	at com.kms.katalon.core.webui.keyword.builtin.ClickKeyword.execute(ClickKeyword.groovy:40)&#xa;	at com.kms.katalon.core.keyword.internal.KeywordExecutor.executeKeywordForPlatform(KeywordExecutor.groovy:74)&#xa;	at com.kms.katalon.core.webui.keyword.WebUiBuiltInKeywords.click(WebUiBuiltInKeywords.groovy:659)&#xa;	at it_testcase.run(it_testcase:30)&#xa;	at com.kms.katalon.core.main.ScriptEngine.run(ScriptEngine.java:194)&#xa;	at com.kms.katalon.core.main.ScriptEngine.runScriptAsRawText(ScriptEngine.java:119)&#xa;	at com.kms.katalon.core.main.TestCaseExecutor.runScript(TestCaseExecutor.java:448)&#xa;	at com.kms.katalon.core.main.TestCaseExecutor.doExecute(TestCaseExecutor.java:439)&#xa;	at com.kms.katalon.core.main.TestCaseExecutor.processExecutionPhase(TestCaseExecutor.java:418)&#xa;	at com.kms.katalon.core.main.TestCaseExecutor.accessMainPhase(TestCaseExecutor.java:410)&#xa;	at com.kms.katalon.core.main.TestCaseExecutor.execute(TestCaseExecutor.java:285)&#xa;	at com.kms.katalon.core.main.TestCaseExecutor.execute(TestCaseExecutor.java:369)&#xa;	at com.kms.katalon.core.main.TestCaseExecutor.execute(TestCaseExecutor.java:369)&#xa;	at com.kms.katalon.core.main.TestCaseExecutor.execute(TestCaseExecutor.java:369)&#xa;	at com.kms.katalon.core.common.CommonExecutor.accessTestCaseMainPhase(CommonExecutor.java:65)&#xa;	at com.kms.katalon.core.main.TestSuiteExecutor.accessTestSuiteMainPhase(TestSuiteExecutor.java:150)&#xa;	at com.kms.katalon.core.main.TestSuiteExecutor.execute(TestSuiteExecutor.java:106)&#xa;	at com.kms.katalon.core.main.TestCaseMain.startTestSuite(TestCaseMain.java:180)&#xa;	at TempTestSuite1718357999317.run(TempTestSuite1718357999317.groovy:35)&#xa;	at java.base/jdk.internal.reflect.NativeMethodAccessorImpl.invoke0(Native Method)&#xa;	at java.base/jdk.internal.reflect.NativeMethodAccessorImpl.invoke(NativeMethodAccessorImpl.java:77)&#xa;	at java.base/jdk.internal.reflect.DelegatingMethodAccessorImpl.invoke(DelegatingMethodAccessorImpl.java:43)&#xa;Caused by: com.kms.katalon.core.webui.exception.WebElementNotFoundException: Web element with id: 'Object Repository/itcore/Page_ITCEMembers  CCNA CCNP CCIE Tamil Trai_d6a8fe/a_Job Openings' located by '//div[@id='av_section_1']/div/main/div/div/div[10]/article/div/header/h3/a' not found&#xa;	at com.kms.katalon.core.webui.common.WebUiCommonHelper.findWebElement(WebUiCommonHelper.java:1426)&#xa;	at com.kms.katalon.core.webui.keyword.internal.WebUIAbstractKeyword.findWebElement(WebUIAbstractKeyword.groovy:27)&#xa;	at com.kms.katalon.core.webui.keyword.builtin.ClickKeyword$_click_closure1.doCall(ClickKeyword.groovy:65)&#xa;	at com.kms.katalon.core.webui.keyword.builtin.ClickKeyword$_click_closure1.call(ClickKeyword.groovy)&#xa;	at com.kms.katalon.core.webui.keyword.internal.WebUIKeywordMain.runKeyword(WebUIKeywordMain.groovy:20)&#xa;	... 23 more&#xa;"/>
         <system-out><![CDATA[14-06-2024T15:14:16 - [TEST_CASE][FAILED] - Test Cases/ITCORE/it_testcase: Test Cases/ITCORE/it_testcase FAILED.
Reason:
com.kms.katalon.core.exception.StepFailedException: Unable to click on object 'Object Repository/itcore/Page_ITCEMembers  CCNA CCNP CCIE Tamil Trai_d6a8fe/a_Job Openings'
	at com.kms.katalon.core.webui.keyword.internal.WebUIKeywordMain.stepFailed(WebUIKeywordMain.groovy:64)
	at com.kms.katalon.core.webui.keyword.internal.WebUIKeywordMain.runKeyword(WebUIKeywordMain.groovy:26)
	at com.kms.katalon.core.webui.keyword.builtin.ClickKeyword.click(ClickKeyword.groovy:74)
	at com.kms.katalon.core.webui.keyword.builtin.ClickKeyword.execute(ClickKeyword.groovy:40)
	at com.kms.katalon.core.keyword.internal.KeywordExecutor.executeKeywordForPlatform(KeywordExecutor.groovy:74)
	at com.kms.katalon.core.webui.keyword.WebUiBuiltInKeywords.click(WebUiBuiltInKeywords.groovy:659)
	at it_testcase.run(it_testcase:30)
	at com.kms.katalon.core.main.ScriptEngine.run(ScriptEngine.java:194)
	at com.kms.katalon.core.main.ScriptEngine.runScriptAsRawText(ScriptEngine.java:119)
	at com.kms.katalon.core.main.TestCaseExecutor.runScript(TestCaseExecutor.java:448)
	at com.kms.katalon.core.main.TestCaseExecutor.doExecute(TestCaseExecutor.java:439)
	at com.kms.katalon.core.main.TestCaseExecutor.processExecutionPhase(TestCaseExecutor.java:418)
	at com.kms.katalon.core.main.TestCaseExecutor.accessMainPhase(TestCaseExecutor.java:410)
	at com.kms.katalon.core.main.TestCaseExecutor.execute(TestCaseExecutor.java:285)
	at com.kms.katalon.core.main.TestCaseExecutor.execute(TestCaseExecutor.java:369)
	at com.kms.katalon.core.main.TestCaseExecutor.execute(TestCaseExecutor.java:369)
	at com.kms.katalon.core.main.TestCaseExecutor.execute(TestCaseExecutor.java:369)
	at com.kms.katalon.core.common.CommonExecutor.accessTestCaseMainPhase(CommonExecutor.java:65)
	at com.kms.katalon.core.main.TestSuiteExecutor.accessTestSuiteMainPhase(TestSuiteExecutor.java:150)
	at com.kms.katalon.core.main.TestSuiteExecutor.execute(TestSuiteExecutor.java:106)
	at com.kms.katalon.core.main.TestCaseMain.startTestSuite(TestCaseMain.java:180)
	at TempTestSuite1718357999317.run(TempTestSuite1718357999317.groovy:35)
	at java.base/jdk.internal.reflect.NativeMethodAccessorImpl.invoke0(Native Method)
	at java.base/jdk.internal.reflect.NativeMethodAccessorImpl.invoke(NativeMethodAccessorImpl.java:77)
	at java.base/jdk.internal.reflect.DelegatingMethodAccessorImpl.invoke(DelegatingMethodAccessorImpl.java:43)
Caused by: com.kms.katalon.core.webui.exception.WebElementNotFoundException: Web element with id: 'Object Repository/itcore/Page_ITCEMembers  CCNA CCNP CCIE Tamil Trai_d6a8fe/a_Job Openings' located by '//div[@id='av_section_1']/div/main/div/div/div[10]/article/div/header/h3/a' not found
	at com.kms.katalon.core.webui.common.WebUiCommonHelper.findWebElement(WebUiCommonHelper.java:1426)
	at com.kms.katalon.core.webui.keyword.internal.WebUIAbstractKeyword.findWebElement(WebUIAbstractKeyword.groovy:27)
	at com.kms.katalon.core.webui.keyword.builtin.ClickKeyword$_click_closure1.doCall(ClickKeyword.groovy:65)
	at com.kms.katalon.core.webui.keyword.builtin.ClickKeyword$_click_closure1.call(ClickKeyword.groovy)
	at com.kms.katalon.core.webui.keyword.internal.WebUIKeywordMain.runKeyword(WebUIKeywordMain.groovy:20)
	... 23 more


14-06-2024T15:14:16 - [TEST_STEP][PASSED] - openBrowser(""): Browser is opened with url: ''

14-06-2024T15:14:16 - [MESSAGE][WARNING] - A browser is already opened. Closing browser and opening a new one

14-06-2024T15:14:17 - [MESSAGE][INFO] - Starting 'Chrome' driver

14-06-2024T15:14:17 - [MESSAGE][INFO] - Action delay is set to 0 milliseconds

14-06-2024T15:14:17 - [MESSAGE][PASSED] - Browser is opened with url: ''

14-06-2024T15:14:17 - [TEST_STEP][PASSED] - navigateToUrl("http://www.itcorelite.net/"): Navigate to 'http://www.itcorelite.net/' successfully

14-06-2024T15:14:25 - [MESSAGE][PASSED] - Navigate to 'http://www.itcorelite.net/' successfully

14-06-2024T15:14:25 - [TEST_STEP][PASSED] - click(findTestObject("Object Repository/itcore/Page_CIsco CCNA CCNP CCIE  Online Training _371a1d/span_Services")): Object: 'Object Repository/itcore/Page_CIsco CCNA CCNP CCIE  Online Training _371a1d/span_Services' is clicked on

14-06-2024T15:14:28 - [MESSAGE][PASSED] - Object: 'Object Repository/itcore/Page_CIsco CCNA CCNP CCIE  Online Training _371a1d/span_Services' is clicked on

14-06-2024T15:14:28 - [TEST_STEP][PASSED] - click(findTestObject("Object Repository/itcore/Page_Services  CCNA CCNP CCIE Tamil Trainin_e0bba9/span_ITCEMembers Zone")): Object: 'Object Repository/itcore/Page_Services  CCNA CCNP CCIE Tamil Trainin_e0bba9/span_ITCEMembers Zone' is clicked on

14-06-2024T15:14:30 - [MESSAGE][PASSED] - Object: 'Object Repository/itcore/Page_Services  CCNA CCNP CCIE Tamil Trainin_e0bba9/span_ITCEMembers Zone' is clicked on

14-06-2024T15:14:30 - [TEST_STEP][PASSED] - click(findTestObject("Object Repository/itcore/Page_ITCEMembers  CCNA CCNP CCIE Tamil Trai_d6a8fe/a_Virtual Lab")): Object: 'Object Repository/itcore/Page_ITCEMembers  CCNA CCNP CCIE Tamil Trai_d6a8fe/a_Virtual Lab' is clicked on

14-06-2024T15:14:52 - [MESSAGE][PASSED] - Object: 'Object Repository/itcore/Page_ITCEMembers  CCNA CCNP CCIE Tamil Trai_d6a8fe/a_Virtual Lab' is clicked on

14-06-2024T15:14:52 - [TEST_STEP][FAILED] - click(findTestObject("Object Repository/itcore/Page_ITCEMembers  CCNA CCNP CCIE Tamil Trai_d6a8fe/a_Job Openings")): Unable to click on object 'Object Repository/itcore/Page_ITCEMembers  CCNA CCNP CCIE Tamil Trai_d6a8fe/a_Job Openings' (Root cause: com.kms.katalon.core.exception.StepFailedException: Unable to click on object 'Object Repository/itcore/Page_ITCEMembers  CCNA CCNP CCIE Tamil Trai_d6a8fe/a_Job Openings'
	at com.kms.katalon.core.webui.keyword.internal.WebUIKeywordMain.stepFailed(WebUIKeywordMain.groovy:64)
	at com.kms.katalon.core.webui.keyword.internal.WebUIKeywordMain.runKeyword(WebUIKeywordMain.groovy:26)
	at com.kms.katalon.core.webui.keyword.builtin.ClickKeyword.click(ClickKeyword.groovy:74)
	at com.kms.katalon.core.webui.keyword.builtin.ClickKeyword.execute(ClickKeyword.groovy:40)
	at com.kms.katalon.core.keyword.internal.KeywordExecutor.executeKeywordForPlatform(KeywordExecutor.groovy:74)
	at com.kms.katalon.core.webui.keyword.WebUiBuiltInKeywords.click(WebUiBuiltInKeywords.groovy:659)
	at it_testcase.run(it_testcase:30)
	at com.kms.katalon.core.main.ScriptEngine.run(ScriptEngine.java:194)
	at com.kms.katalon.core.main.ScriptEngine.runScriptAsRawText(ScriptEngine.java:119)
	at com.kms.katalon.core.main.TestCaseExecutor.runScript(TestCaseExecutor.java:448)
	at com.kms.katalon.core.main.TestCaseExecutor.doExecute(TestCaseExecutor.java:439)
	at com.kms.katalon.core.main.TestCaseExecutor.processExecutionPhase(TestCaseExecutor.java:418)
	at com.kms.katalon.core.main.TestCaseExecutor.accessMainPhase(TestCaseExecutor.java:410)
	at com.kms.katalon.core.main.TestCaseExecutor.execute(TestCaseExecutor.java:285)
	at com.kms.katalon.core.main.TestCaseExecutor.execute(TestCaseExecutor.java:369)
	at com.kms.katalon.core.main.TestCaseExecutor.execute(TestCaseExecutor.java:369)
	at com.kms.katalon.core.main.TestCaseExecutor.execute(TestCaseExecutor.java:369)
	at com.kms.katalon.core.common.CommonExecutor.accessTestCaseMainPhase(CommonExecutor.java:65)
	at com.kms.katalon.core.main.TestSuiteExecutor.accessTestSuiteMainPhase(TestSuiteExecutor.java:150)
	at com.kms.katalon.core.main.TestSuiteExecutor.execute(TestSuiteExecutor.java:106)
	at com.kms.katalon.core.main.TestCaseMain.startTestSuite(TestCaseMain.java:180)
	at TempTestSuite1718357999317.run(TempTestSuite1718357999317.groovy:35)
	at java.base/jdk.internal.reflect.NativeMethodAccessorImpl.invoke0(Native Method)
	at java.base/jdk.internal.reflect.NativeMethodAccessorImpl.invoke(NativeMethodAccessorImpl.java:77)
	at java.base/jdk.internal.reflect.DelegatingMethodAccessorImpl.invoke(DelegatingMethodAccessorImpl.java:43)
Caused by: com.kms.katalon.core.webui.exception.WebElementNotFoundException: Web element with id: 'Object Repository/itcore/Page_ITCEMembers  CCNA CCNP CCIE Tamil Trai_d6a8fe/a_Job Openings' located by '//div[@id='av_section_1']/div/main/div/div/div[10]/article/div/header/h3/a' not found
	at com.kms.katalon.core.webui.common.WebUiCommonHelper.findWebElement(WebUiCommonHelper.java:1426)
	at com.kms.katalon.core.webui.keyword.internal.WebUIAbstractKeyword.findWebElement(WebUIAbstractKeyword.groovy:27)
	at com.kms.katalon.core.webui.keyword.builtin.ClickKeyword$_click_closure1.doCall(ClickKeyword.groovy:65)
	at com.kms.katalon.core.webui.keyword.builtin.ClickKeyword$_click_closure1.call(ClickKeyword.groovy)
	at com.kms.katalon.core.webui.keyword.internal.WebUIKeywordMain.runKeyword(WebUIKeywordMain.groovy:20)
	at com.kms.katalon.core.webui.keyword.builtin.ClickKeyword.click(ClickKeyword.groovy:74)
	at com.kms.katalon.core.webui.keyword.builtin.ClickKeyword.execute(ClickKeyword.groovy:40)
	at com.kms.katalon.core.keyword.internal.KeywordExecutor.executeKeywordForPlatform(KeywordExecutor.groovy:74)
	at com.kms.katalon.core.webui.keyword.WebUiBuiltInKeywords.click(WebUiBuiltInKeywords.groovy:659)
	at Script1718357708257.run(Script1718357708257.groovy:30)
	... 18 more
)

14-06-2024T15:15:23 - [MESSAGE][INFO] - Unable to find the element located by 'By.xpath: //div[@id='av_section_1']/div/main/div/div/div[10]/article/div/header/h3/a'. Please recheck the objects properties to make sure the desired element is located. 

14-06-2024T15:15:23 - [MESSAGE][WARNING] - [SELF-HEALING] Failed to find element with id 'Object Repository/itcore/Page_ITCEMembers  CCNA CCNP CCIE Tamil Trai_d6a8fe/a_Job Openings'. Try using Self-healing.

14-06-2024T15:15:23 - [MESSAGE][INFO] - [SELF-HEALING] Failed Locator: '//div[@id='av_section_1']/div/main/div/div/div[10]/article/div/header/h3/a'.

14-06-2024T15:15:23 - [MESSAGE][INFO] - [SELF-HEALING] Failed Locator: '//a[contains(text(),'Job Openings')]'.

14-06-2024T15:15:23 - [MESSAGE][INFO] - [SELF-HEALING] Failed Locator: '(.//*[normalize-space(text()) and normalize-space(.)='Virtual Lab'])[1]/following::a[2]'.

14-06-2024T15:15:23 - [MESSAGE][INFO] - [SELF-HEALING] Failed Locator: '(.//*[normalize-space(text()) and normalize-space(.)='Members ChatRoom'])[1]/following::a[4]'.

14-06-2024T15:15:23 - [MESSAGE][INFO] - [SELF-HEALING] Failed Locator: '(.//*[normalize-space(text()) and normalize-space(.)='TOOLS AND DOWNLOADS'])[1]/preceding::a[2]'.

14-06-2024T15:15:23 - [MESSAGE][INFO] - [SELF-HEALING] Failed Locator: '(.//*[normalize-space(text()) and normalize-space(.)='MEMBERS VOICE & VIDEOS'])[1]/preceding::a[4]'.

14-06-2024T15:15:23 - [MESSAGE][INFO] - [SELF-HEALING] Failed Locator: '//*/text()[normalize-space(.)='Job Openings']/parent::*'.

14-06-2024T15:15:23 - [MESSAGE][INFO] - [SELF-HEALING] Failed Locator: '(//a[@href='http://www.itcorelite.net/info/'])[6]'.

14-06-2024T15:15:23 - [MESSAGE][INFO] - [SELF-HEALING] Failed Locator: '//div[10]/article/div/header/h3/a'.

14-06-2024T15:15:23 - [MESSAGE][INFO] - [SELF-HEALING] Failed Locator: '//a[@href = 'http://www.itcorelite.net/info/' and @title = 'Job Openings' and (text() = 'Job Openings' or . = 'Job Openings')]'.

14-06-2024T15:15:23 - [MESSAGE][INFO] - [SELF-HEALING] Failed Locator: '//div[@id='av_section_1']/div/main/div/div/div[10]/article/div/header/h3/a'.

14-06-2024T15:15:23 - [MESSAGE][INFO] - [SELF-HEALING] Failed Locator: '//a[contains(text(),'Job Openings')]'.

14-06-2024T15:15:23 - [MESSAGE][INFO] - [SELF-HEALING] Failed Locator: '(.//*[normalize-space(text()) and normalize-space(.)='Virtual Lab'])[1]/following::a[2]'.

14-06-2024T15:15:23 - [MESSAGE][INFO] - [SELF-HEALING] Failed Locator: '(.//*[normalize-space(text()) and normalize-space(.)='Members ChatRoom'])[1]/following::a[4]'.

14-06-2024T15:15:23 - [MESSAGE][INFO] - [SELF-HEALING] Failed Locator: '(.//*[normalize-space(text()) and normalize-space(.)='TOOLS AND DOWNLOADS'])[1]/preceding::a[2]'.

14-06-2024T15:15:23 - [MESSAGE][INFO] - [SELF-HEALING] Failed Locator: '(.//*[normalize-space(text()) and normalize-space(.)='MEMBERS VOICE & VIDEOS'])[1]/preceding::a[4]'.

14-06-2024T15:15:23 - [MESSAGE][INFO] - [SELF-HEALING] Failed Locator: '//*/text()[normalize-space(.)='Job Openings']/parent::*'.

14-06-2024T15:15:23 - [MESSAGE][INFO] - [SELF-HEALING] Failed Locator: '(//a[@href='http://www.itcorelite.net/info/'])[6]'.

14-06-2024T15:15:23 - [MESSAGE][INFO] - [SELF-HEALING] Failed Locator: '//div[10]/article/div/header/h3/a'.

14-06-2024T15:15:23 - [MESSAGE][INFO] - [SELF-HEALING] Failed Locator: '//a[@href = 'http://www.itcorelite.net/info/' and @title = 'Job Openings' and (text() = 'Job Openings' or . = 'Job Openings')]'.

14-06-2024T15:15:23 - [MESSAGE][INFO] - [SELF-HEALING] Failed Locator: '//div[@id='av_section_1']/div/main/div/div/div[10]/article/div/header/h3/a'.

14-06-2024T15:15:24 - [MESSAGE][INFO] - [SELF-HEALING] Failed Locator: '//a[contains(text(),'Job Openings')]'.

14-06-2024T15:15:24 - [MESSAGE][INFO] - [SELF-HEALING] Failed Locator: '(.//*[normalize-space(text()) and normalize-space(.)='Virtual Lab'])[1]/following::a[2]'.

14-06-2024T15:15:24 - [MESSAGE][INFO] - [SELF-HEALING] Failed Locator: '(.//*[normalize-space(text()) and normalize-space(.)='Members ChatRoom'])[1]/following::a[4]'.

14-06-2024T15:15:24 - [MESSAGE][INFO] - [SELF-HEALING] Failed Locator: '(.//*[normalize-space(text()) and normalize-space(.)='TOOLS AND DOWNLOADS'])[1]/preceding::a[2]'.

14-06-2024T15:15:24 - [MESSAGE][INFO] - [SELF-HEALING] Failed Locator: '(.//*[normalize-space(text()) and normalize-space(.)='MEMBERS VOICE & VIDEOS'])[1]/preceding::a[4]'.

14-06-2024T15:15:24 - [MESSAGE][INFO] - [SELF-HEALING] Failed Locator: '//*/text()[normalize-space(.)='Job Openings']/parent::*'.

14-06-2024T15:15:24 - [MESSAGE][INFO] - [SELF-HEALING] Failed Locator: '(//a[@href='http://www.itcorelite.net/info/'])[6]'.

14-06-2024T15:15:24 - [MESSAGE][INFO] - [SELF-HEALING] Failed Locator: '//div[10]/article/div/header/h3/a'.

14-06-2024T15:15:24 - [MESSAGE][INFO] - [SELF-HEALING] Failed Locator: '//a[@href = 'http://www.itcorelite.net/info/' and @title = 'Job Openings' and (text() = 'Job Openings' or . = 'Job Openings')]'.

14-06-2024T15:15:24 - [MESSAGE][INFO] - [SELF-HEALING] Failed Locator: '//div[@id='av_section_1']/div/main/div/div/div[10]/article/div/header/h3/a'.

14-06-2024T15:15:24 - [MESSAGE][INFO] - [SELF-HEALING] Failed Locator: '//a[contains(text(),'Job Openings')]'.

14-06-2024T15:15:24 - [MESSAGE][INFO] - [SELF-HEALING] Failed Locator: '(.//*[normalize-space(text()) and normalize-space(.)='Virtual Lab'])[1]/following::a[2]'.

14-06-2024T15:15:24 - [MESSAGE][INFO] - [SELF-HEALING] Failed Locator: '(.//*[normalize-space(text()) and normalize-space(.)='Members ChatRoom'])[1]/following::a[4]'.

14-06-2024T15:15:24 - [MESSAGE][INFO] - [SELF-HEALING] Failed Locator: '(.//*[normalize-space(text()) and normalize-space(.)='TOOLS AND DOWNLOADS'])[1]/preceding::a[2]'.

14-06-2024T15:15:24 - [MESSAGE][INFO] - [SELF-HEALING] Failed Locator: '(.//*[normalize-space(text()) and normalize-space(.)='MEMBERS VOICE & VIDEOS'])[1]/preceding::a[4]'.

14-06-2024T15:15:24 - [MESSAGE][INFO] - [SELF-HEALING] Failed Locator: '//*/text()[normalize-space(.)='Job Openings']/parent::*'.

14-06-2024T15:15:24 - [MESSAGE][INFO] - [SELF-HEALING] Failed Locator: '(//a[@href='http://www.itcorelite.net/info/'])[6]'.

14-06-2024T15:15:24 - [MESSAGE][INFO] - [SELF-HEALING] Failed Locator: '//div[10]/article/div/header/h3/a'.

14-06-2024T15:15:24 - [MESSAGE][INFO] - [SELF-HEALING] Failed Locator: '//a[@href = 'http://www.itcorelite.net/info/' and @title = 'Job Openings' and (text() = 'Job Openings' or . = 'Job Openings')]'.

14-06-2024T15:15:24 - [MESSAGE][INFO] - [SELF-HEALING] Failed Locator: '//div[@id='av_section_1']/div/main/div/div/div[10]/article/div/header/h3/a'.

14-06-2024T15:15:24 - [MESSAGE][INFO] - [SELF-HEALING] Failed Locator: '//a[contains(text(),'Job Openings')]'.

14-06-2024T15:15:24 - [MESSAGE][INFO] - [SELF-HEALING] Failed Locator: '(.//*[normalize-space(text()) and normalize-space(.)='Virtual Lab'])[1]/following::a[2]'.

14-06-2024T15:15:24 - [MESSAGE][INFO] - [SELF-HEALING] Failed Locator: '(.//*[normalize-space(text()) and normalize-space(.)='Members ChatRoom'])[1]/following::a[4]'.

14-06-2024T15:15:24 - [MESSAGE][INFO] - [SELF-HEALING] Failed Locator: '(.//*[normalize-space(text()) and normalize-space(.)='TOOLS AND DOWNLOADS'])[1]/preceding::a[2]'.

14-06-2024T15:15:24 - [MESSAGE][INFO] - [SELF-HEALING] Failed Locator: '(.//*[normalize-space(text()) and normalize-space(.)='MEMBERS VOICE & VIDEOS'])[1]/preceding::a[4]'.

14-06-2024T15:15:24 - [MESSAGE][INFO] - [SELF-HEALING] Failed Locator: '//*/text()[normalize-space(.)='Job Openings']/parent::*'.

14-06-2024T15:15:24 - [MESSAGE][INFO] - [SELF-HEALING] Failed Locator: '(//a[@href='http://www.itcorelite.net/info/'])[6]'.

14-06-2024T15:15:24 - [MESSAGE][INFO] - [SELF-HEALING] Failed Locator: '//div[10]/article/div/header/h3/a'.

14-06-2024T15:15:24 - [MESSAGE][INFO] - [SELF-HEALING] Failed Locator: '//a[@href = 'http://www.itcorelite.net/info/' and @title = 'Job Openings' and (text() = 'Job Openings' or . = 'Job Openings')]'.

14-06-2024T15:15:24 - [MESSAGE][INFO] - [SELF-HEALING] Failed Locator: '//div[@id='av_section_1']/div/main/div/div/div[10]/article/div/header/h3/a'.

14-06-2024T15:15:24 - [MESSAGE][INFO] - [SELF-HEALING] Failed Locator: '//a[contains(text(),'Job Openings')]'.

14-06-2024T15:15:24 - [MESSAGE][INFO] - [SELF-HEALING] Failed Locator: '(.//*[normalize-space(text()) and normalize-space(.)='Virtual Lab'])[1]/following::a[2]'.

14-06-2024T15:15:24 - [MESSAGE][INFO] - [SELF-HEALING] Failed Locator: '(.//*[normalize-space(text()) and normalize-space(.)='Members ChatRoom'])[1]/following::a[4]'.

14-06-2024T15:15:24 - [MESSAGE][INFO] - [SELF-HEALING] Failed Locator: '(.//*[normalize-space(text()) and normalize-space(.)='TOOLS AND DOWNLOADS'])[1]/preceding::a[2]'.

14-06-2024T15:15:24 - [MESSAGE][INFO] - [SELF-HEALING] Failed Locator: '(.//*[normalize-space(text()) and normalize-space(.)='MEMBERS VOICE & VIDEOS'])[1]/preceding::a[4]'.

14-06-2024T15:15:24 - [MESSAGE][INFO] - [SELF-HEALING] Failed Locator: '//*/text()[normalize-space(.)='Job Openings']/parent::*'.

14-06-2024T15:15:24 - [MESSAGE][INFO] - [SELF-HEALING] Failed Locator: '(//a[@href='http://www.itcorelite.net/info/'])[6]'.

14-06-2024T15:15:24 - [MESSAGE][INFO] - [SELF-HEALING] Failed Locator: '//div[10]/article/div/header/h3/a'.

14-06-2024T15:15:24 - [MESSAGE][INFO] - [SELF-HEALING] Failed Locator: '//a[@href = 'http://www.itcorelite.net/info/' and @title = 'Job Openings' and (text() = 'Job Openings' or . = 'Job Openings')]'.

14-06-2024T15:15:24 - [MESSAGE][INFO] - [SELF-HEALING] Failed Locator: '//div[@id='av_section_1']/div/main/div/div/div[10]/article/div/header/h3/a'.

14-06-2024T15:15:24 - [MESSAGE][INFO] - [SELF-HEALING] Failed Locator: '//a[contains(text(),'Job Openings')]'.

14-06-2024T15:15:24 - [MESSAGE][INFO] - [SELF-HEALING] Failed Locator: '(.//*[normalize-space(text()) and normalize-space(.)='Virtual Lab'])[1]/following::a[2]'.

14-06-2024T15:15:24 - [MESSAGE][INFO] - [SELF-HEALING] Failed Locator: '(.//*[normalize-space(text()) and normalize-space(.)='Members ChatRoom'])[1]/following::a[4]'.

14-06-2024T15:15:24 - [MESSAGE][INFO] - [SELF-HEALING] Failed Locator: '(.//*[normalize-space(text()) and normalize-space(.)='TOOLS AND DOWNLOADS'])[1]/preceding::a[2]'.

14-06-2024T15:15:24 - [MESSAGE][INFO] - [SELF-HEALING] Failed Locator: '(.//*[normalize-space(text()) and normalize-space(.)='MEMBERS VOICE & VIDEOS'])[1]/preceding::a[4]'.

14-06-2024T15:15:24 - [MESSAGE][INFO] - [SELF-HEALING] Failed Locator: '//*/text()[normalize-space(.)='Job Openings']/parent::*'.

14-06-2024T15:15:24 - [MESSAGE][INFO] - [SELF-HEALING] Failed Locator: '(//a[@href='http://www.itcorelite.net/info/'])[6]'.

14-06-2024T15:15:24 - [MESSAGE][INFO] - [SELF-HEALING] Failed Locator: '//div[10]/article/div/header/h3/a'.

14-06-2024T15:15:24 - [MESSAGE][INFO] - [SELF-HEALING] Failed Locator: '//a[@href = 'http://www.itcorelite.net/info/' and @title = 'Job Openings' and (text() = 'Job Openings' or . = 'Job Openings')]'.

14-06-2024T15:15:26 - [MESSAGE][INFO] - Unable to find the element located by 'By.xpath: //*[@href = 'http://www.itcorelite.net/info/' and @title = 'Job Openings' and (text() = 'Job Openings' or . = 'Job Openings')]'. Please recheck the objects properties to make sure the desired element is located. 

14-06-2024T15:15:27 - [MESSAGE][INFO] - Unable to find the element located by 'By.cssSelector: h3.iconbox_content_title > a[title="Job Openings"]'. Please recheck the objects properties to make sure the desired element is located. 

14-06-2024T15:15:27 - [MESSAGE][FAILED] - Unable to click on object 'Object Repository/itcore/Page_ITCEMembers  CCNA CCNP CCIE Tamil Trai_d6a8fe/a_Job Openings' (Root cause: com.kms.katalon.core.exception.StepFailedException: Unable to click on object 'Object Repository/itcore/Page_ITCEMembers  CCNA CCNP CCIE Tamil Trai_d6a8fe/a_Job Openings'
	at com.kms.katalon.core.webui.keyword.internal.WebUIKeywordMain.stepFailed(WebUIKeywordMain.groovy:64)
	at com.kms.katalon.core.webui.keyword.internal.WebUIKeywordMain.runKeyword(WebUIKeywordMain.groovy:26)
	at com.kms.katalon.core.webui.keyword.builtin.ClickKeyword.click(ClickKeyword.groovy:74)
	at com.kms.katalon.core.webui.keyword.builtin.ClickKeyword.execute(ClickKeyword.groovy:40)
	at com.kms.katalon.core.keyword.internal.KeywordExecutor.executeKeywordForPlatform(KeywordExecutor.groovy:74)
	at com.kms.katalon.core.webui.keyword.WebUiBuiltInKeywords.click(WebUiBuiltInKeywords.groovy:659)
	at it_testcase.run(it_testcase:30)
	at com.kms.katalon.core.main.ScriptEngine.run(ScriptEngine.java:194)
	at com.kms.katalon.core.main.ScriptEngine.runScriptAsRawText(ScriptEngine.java:119)
	at com.kms.katalon.core.main.TestCaseExecutor.runScript(TestCaseExecutor.java:448)
	at com.kms.katalon.core.main.TestCaseExecutor.doExecute(TestCaseExecutor.java:439)
	at com.kms.katalon.core.main.TestCaseExecutor.processExecutionPhase(TestCaseExecutor.java:418)
	at com.kms.katalon.core.main.TestCaseExecutor.accessMainPhase(TestCaseExecutor.java:410)
	at com.kms.katalon.core.main.TestCaseExecutor.execute(TestCaseExecutor.java:285)
	at com.kms.katalon.core.main.TestCaseExecutor.execute(TestCaseExecutor.java:369)
	at com.kms.katalon.core.main.TestCaseExecutor.execute(TestCaseExecutor.java:369)
	at com.kms.katalon.core.main.TestCaseExecutor.execute(TestCaseExecutor.java:369)
	at com.kms.katalon.core.common.CommonExecutor.accessTestCaseMainPhase(CommonExecutor.java:65)
	at com.kms.katalon.core.main.TestSuiteExecutor.accessTestSuiteMainPhase(TestSuiteExecutor.java:150)
	at com.kms.katalon.core.main.TestSuiteExecutor.execute(TestSuiteExecutor.java:106)
	at com.kms.katalon.core.main.TestCaseMain.startTestSuite(TestCaseMain.java:180)
	at TempTestSuite1718357999317.run(TempTestSuite1718357999317.groovy:35)
	at java.base/jdk.internal.reflect.NativeMethodAccessorImpl.invoke0(Native Method)
	at java.base/jdk.internal.reflect.NativeMethodAccessorImpl.invoke(NativeMethodAccessorImpl.java:77)
	at java.base/jdk.internal.reflect.DelegatingMethodAccessorImpl.invoke(DelegatingMethodAccessorImpl.java:43)
Caused by: com.kms.katalon.core.webui.exception.WebElementNotFoundException: Web element with id: 'Object Repository/itcore/Page_ITCEMembers  CCNA CCNP CCIE Tamil Trai_d6a8fe/a_Job Openings' located by '//div[@id='av_section_1']/div/main/div/div/div[10]/article/div/header/h3/a' not found
	at com.kms.katalon.core.webui.common.WebUiCommonHelper.findWebElement(WebUiCommonHelper.java:1426)
	at com.kms.katalon.core.webui.keyword.internal.WebUIAbstractKeyword.findWebElement(WebUIAbstractKeyword.groovy:27)
	at com.kms.katalon.core.webui.keyword.builtin.ClickKeyword$_click_closure1.doCall(ClickKeyword.groovy:65)
	at com.kms.katalon.core.webui.keyword.builtin.ClickKeyword$_click_closure1.call(ClickKeyword.groovy)
	at com.kms.katalon.core.webui.keyword.internal.WebUIKeywordMain.runKeyword(WebUIKeywordMain.groovy:20)
	at com.kms.katalon.core.webui.keyword.builtin.ClickKeyword.click(ClickKeyword.groovy:74)
	at com.kms.katalon.core.webui.keyword.builtin.ClickKeyword.execute(ClickKeyword.groovy:40)
	at com.kms.katalon.core.keyword.internal.KeywordExecutor.executeKeywordForPlatform(KeywordExecutor.groovy:74)
	at com.kms.katalon.core.webui.keyword.WebUiBuiltInKeywords.click(WebUiBuiltInKeywords.groovy:659)
	at Script1718357708257.run(Script1718357708257.groovy:30)
	... 18 more
)
[[ATTACHMENT|C:\\Users\\RUSA-L2PC-42\\Katalon Studio\\PERUMAL\\Reports\\20240614_150959\\itcore\\20240614_150959\\1718358327743.png]]]]></system-out>
         <system-err><![CDATA[14-06-2024T15:14:16 - [TEST_CASE][FAILED] - Test Cases/ITCORE/it_testcase: Test Cases/ITCORE/it_testcase FAILED.
Reason:
com.kms.katalon.core.exception.StepFailedException: Unable to click on object 'Object Repository/itcore/Page_ITCEMembers  CCNA CCNP CCIE Tamil Trai_d6a8fe/a_Job Openings'
	at com.kms.katalon.core.webui.keyword.internal.WebUIKeywordMain.stepFailed(WebUIKeywordMain.groovy:64)
	at com.kms.katalon.core.webui.keyword.internal.WebUIKeywordMain.runKeyword(WebUIKeywordMain.groovy:26)
	at com.kms.katalon.core.webui.keyword.builtin.ClickKeyword.click(ClickKeyword.groovy:74)
	at com.kms.katalon.core.webui.keyword.builtin.ClickKeyword.execute(ClickKeyword.groovy:40)
	at com.kms.katalon.core.keyword.internal.KeywordExecutor.executeKeywordForPlatform(KeywordExecutor.groovy:74)
	at com.kms.katalon.core.webui.keyword.WebUiBuiltInKeywords.click(WebUiBuiltInKeywords.groovy:659)
	at it_testcase.run(it_testcase:30)
	at com.kms.katalon.core.main.ScriptEngine.run(ScriptEngine.java:194)
	at com.kms.katalon.core.main.ScriptEngine.runScriptAsRawText(ScriptEngine.java:119)
	at com.kms.katalon.core.main.TestCaseExecutor.runScript(TestCaseExecutor.java:448)
	at com.kms.katalon.core.main.TestCaseExecutor.doExecute(TestCaseExecutor.java:439)
	at com.kms.katalon.core.main.TestCaseExecutor.processExecutionPhase(TestCaseExecutor.java:418)
	at com.kms.katalon.core.main.TestCaseExecutor.accessMainPhase(TestCaseExecutor.java:410)
	at com.kms.katalon.core.main.TestCaseExecutor.execute(TestCaseExecutor.java:285)
	at com.kms.katalon.core.main.TestCaseExecutor.execute(TestCaseExecutor.java:369)
	at com.kms.katalon.core.main.TestCaseExecutor.execute(TestCaseExecutor.java:369)
	at com.kms.katalon.core.main.TestCaseExecutor.execute(TestCaseExecutor.java:369)
	at com.kms.katalon.core.common.CommonExecutor.accessTestCaseMainPhase(CommonExecutor.java:65)
	at com.kms.katalon.core.main.TestSuiteExecutor.accessTestSuiteMainPhase(TestSuiteExecutor.java:150)
	at com.kms.katalon.core.main.TestSuiteExecutor.execute(TestSuiteExecutor.java:106)
	at com.kms.katalon.core.main.TestCaseMain.startTestSuite(TestCaseMain.java:180)
	at TempTestSuite1718357999317.run(TempTestSuite1718357999317.groovy:35)
	at java.base/jdk.internal.reflect.NativeMethodAccessorImpl.invoke0(Native Method)
	at java.base/jdk.internal.reflect.NativeMethodAccessorImpl.invoke(NativeMethodAccessorImpl.java:77)
	at java.base/jdk.internal.reflect.DelegatingMethodAccessorImpl.invoke(DelegatingMethodAccessorImpl.java:43)
Caused by: com.kms.katalon.core.webui.exception.WebElementNotFoundException: Web element with id: 'Object Repository/itcore/Page_ITCEMembers  CCNA CCNP CCIE Tamil Trai_d6a8fe/a_Job Openings' located by '//div[@id='av_section_1']/div/main/div/div/div[10]/article/div/header/h3/a' not found
	at com.kms.katalon.core.webui.common.WebUiCommonHelper.findWebElement(WebUiCommonHelper.java:1426)
	at com.kms.katalon.core.webui.keyword.internal.WebUIAbstractKeyword.findWebElement(WebUIAbstractKeyword.groovy:27)
	at com.kms.katalon.core.webui.keyword.builtin.ClickKeyword$_click_closure1.doCall(ClickKeyword.groovy:65)
	at com.kms.katalon.core.webui.keyword.builtin.ClickKeyword$_click_closure1.call(ClickKeyword.groovy)
	at com.kms.katalon.core.webui.keyword.internal.WebUIKeywordMain.runKeyword(WebUIKeywordMain.groovy:20)
	... 23 more]]></system-err>
      </testcase>
      <testcase name="Test Cases/ITCORE/it_testcase" time="70.877" classname="Test Cases/ITCORE/it_testcase" status="FAILED">
         <failure type="FAILED" message="Test Cases/ITCORE/it_testcase FAILED.&#xa;Reason:&#xa;com.kms.katalon.core.exception.StepFailedException: Unable to click on object 'Object Repository/itcore/Page_ITCEMembers  CCNA CCNP CCIE Tamil Trai_d6a8fe/a_Job Openings'&#xa;	at com.kms.katalon.core.webui.keyword.internal.WebUIKeywordMain.stepFailed(WebUIKeywordMain.groovy:64)&#xa;	at com.kms.katalon.core.webui.keyword.internal.WebUIKeywordMain.runKeyword(WebUIKeywordMain.groovy:26)&#xa;	at com.kms.katalon.core.webui.keyword.builtin.ClickKeyword.click(ClickKeyword.groovy:74)&#xa;	at com.kms.katalon.core.webui.keyword.builtin.ClickKeyword.execute(ClickKeyword.groovy:40)&#xa;	at com.kms.katalon.core.keyword.internal.KeywordExecutor.executeKeywordForPlatform(KeywordExecutor.groovy:74)&#xa;	at com.kms.katalon.core.webui.keyword.WebUiBuiltInKeywords.click(WebUiBuiltInKeywords.groovy:659)&#xa;	at it_testcase.run(it_testcase:30)&#xa;	at com.kms.katalon.core.main.ScriptEngine.run(ScriptEngine.java:194)&#xa;	at com.kms.katalon.core.main.ScriptEngine.runScriptAsRawText(ScriptEngine.java:119)&#xa;	at com.kms.katalon.core.main.TestCaseExecutor.runScript(TestCaseExecutor.java:448)&#xa;	at com.kms.katalon.core.main.TestCaseExecutor.doExecute(TestCaseExecutor.java:439)&#xa;	at com.kms.katalon.core.main.TestCaseExecutor.processExecutionPhase(TestCaseExecutor.java:418)&#xa;	at com.kms.katalon.core.main.TestCaseExecutor.accessMainPhase(TestCaseExecutor.java:410)&#xa;	at com.kms.katalon.core.main.TestCaseExecutor.execute(TestCaseExecutor.java:285)&#xa;	at com.kms.katalon.core.main.TestCaseExecutor.execute(TestCaseExecutor.java:369)&#xa;	at com.kms.katalon.core.main.TestCaseExecutor.execute(TestCaseExecutor.java:369)&#xa;	at com.kms.katalon.core.main.TestCaseExecutor.execute(TestCaseExecutor.java:369)&#xa;	at com.kms.katalon.core.common.CommonExecutor.accessTestCaseMainPhase(CommonExecutor.java:65)&#xa;	at com.kms.katalon.core.main.TestSuiteExecutor.accessTestSuiteMainPhase(TestSuiteExecutor.java:150)&#xa;	at com.kms.katalon.core.main.TestSuiteExecutor.execute(TestSuiteExecutor.java:106)&#xa;	at com.kms.katalon.core.main.TestCaseMain.startTestSuite(TestCaseMain.java:180)&#xa;	at TempTestSuite1718357999317.run(TempTestSuite1718357999317.groovy:35)&#xa;	at java.base/jdk.internal.reflect.NativeMethodAccessorImpl.invoke0(Native Method)&#xa;	at java.base/jdk.internal.reflect.NativeMethodAccessorImpl.invoke(NativeMethodAccessorImpl.java:77)&#xa;	at java.base/jdk.internal.reflect.DelegatingMethodAccessorImpl.invoke(DelegatingMethodAccessorImpl.java:43)&#xa;Caused by: com.kms.katalon.core.webui.exception.WebElementNotFoundException: Web element with id: 'Object Repository/itcore/Page_ITCEMembers  CCNA CCNP CCIE Tamil Trai_d6a8fe/a_Job Openings' located by '//div[@id='av_section_1']/div/main/div/div/div[10]/article/div/header/h3/a' not found&#xa;	at com.kms.katalon.core.webui.common.WebUiCommonHelper.findWebElement(WebUiCommonHelper.java:1426)&#xa;	at com.kms.katalon.core.webui.keyword.internal.WebUIAbstractKeyword.findWebElement(WebUIAbstractKeyword.groovy:27)&#xa;	at com.kms.katalon.core.webui.keyword.builtin.ClickKeyword$_click_closure1.doCall(ClickKeyword.groovy:65)&#xa;	at com.kms.katalon.core.webui.keyword.builtin.ClickKeyword$_click_closure1.call(ClickKeyword.groovy)&#xa;	at com.kms.katalon.core.webui.keyword.internal.WebUIKeywordMain.runKeyword(WebUIKeywordMain.groovy:20)&#xa;	... 23 more&#xa;"/>
         <system-out><![CDATA[14-06-2024T15:19:02 - [TEST_CASE][FAILED] - Test Cases/ITCORE/it_testcase: Test Cases/ITCORE/it_testcase FAILED.
Reason:
com.kms.katalon.core.exception.StepFailedException: Unable to click on object 'Object Repository/itcore/Page_ITCEMembers  CCNA CCNP CCIE Tamil Trai_d6a8fe/a_Job Openings'
	at com.kms.katalon.core.webui.keyword.internal.WebUIKeywordMain.stepFailed(WebUIKeywordMain.groovy:64)
	at com.kms.katalon.core.webui.keyword.internal.WebUIKeywordMain.runKeyword(WebUIKeywordMain.groovy:26)
	at com.kms.katalon.core.webui.keyword.builtin.ClickKeyword.click(ClickKeyword.groovy:74)
	at com.kms.katalon.core.webui.keyword.builtin.ClickKeyword.execute(ClickKeyword.groovy:40)
	at com.kms.katalon.core.keyword.internal.KeywordExecutor.executeKeywordForPlatform(KeywordExecutor.groovy:74)
	at com.kms.katalon.core.webui.keyword.WebUiBuiltInKeywords.click(WebUiBuiltInKeywords.groovy:659)
	at it_testcase.run(it_testcase:30)
	at com.kms.katalon.core.main.ScriptEngine.run(ScriptEngine.java:194)
	at com.kms.katalon.core.main.ScriptEngine.runScriptAsRawText(ScriptEngine.java:119)
	at com.kms.katalon.core.main.TestCaseExecutor.runScript(TestCaseExecutor.java:448)
	at com.kms.katalon.core.main.TestCaseExecutor.doExecute(TestCaseExecutor.java:439)
	at com.kms.katalon.core.main.TestCaseExecutor.processExecutionPhase(TestCaseExecutor.java:418)
	at com.kms.katalon.core.main.TestCaseExecutor.accessMainPhase(TestCaseExecutor.java:410)
	at com.kms.katalon.core.main.TestCaseExecutor.execute(TestCaseExecutor.java:285)
	at com.kms.katalon.core.main.TestCaseExecutor.execute(TestCaseExecutor.java:369)
	at com.kms.katalon.core.main.TestCaseExecutor.execute(TestCaseExecutor.java:369)
	at com.kms.katalon.core.main.TestCaseExecutor.execute(TestCaseExecutor.java:369)
	at com.kms.katalon.core.common.CommonExecutor.accessTestCaseMainPhase(CommonExecutor.java:65)
	at com.kms.katalon.core.main.TestSuiteExecutor.accessTestSuiteMainPhase(TestSuiteExecutor.java:150)
	at com.kms.katalon.core.main.TestSuiteExecutor.execute(TestSuiteExecutor.java:106)
	at com.kms.katalon.core.main.TestCaseMain.startTestSuite(TestCaseMain.java:180)
	at TempTestSuite1718357999317.run(TempTestSuite1718357999317.groovy:35)
	at java.base/jdk.internal.reflect.NativeMethodAccessorImpl.invoke0(Native Method)
	at java.base/jdk.internal.reflect.NativeMethodAccessorImpl.invoke(NativeMethodAccessorImpl.java:77)
	at java.base/jdk.internal.reflect.DelegatingMethodAccessorImpl.invoke(DelegatingMethodAccessorImpl.java:43)
Caused by: com.kms.katalon.core.webui.exception.WebElementNotFoundException: Web element with id: 'Object Repository/itcore/Page_ITCEMembers  CCNA CCNP CCIE Tamil Trai_d6a8fe/a_Job Openings' located by '//div[@id='av_section_1']/div/main/div/div/div[10]/article/div/header/h3/a' not found
	at com.kms.katalon.core.webui.common.WebUiCommonHelper.findWebElement(WebUiCommonHelper.java:1426)
	at com.kms.katalon.core.webui.keyword.internal.WebUIAbstractKeyword.findWebElement(WebUIAbstractKeyword.groovy:27)
	at com.kms.katalon.core.webui.keyword.builtin.ClickKeyword$_click_closure1.doCall(ClickKeyword.groovy:65)
	at com.kms.katalon.core.webui.keyword.builtin.ClickKeyword$_click_closure1.call(ClickKeyword.groovy)
	at com.kms.katalon.core.webui.keyword.internal.WebUIKeywordMain.runKeyword(WebUIKeywordMain.groovy:20)
	... 23 more


14-06-2024T15:19:02 - [TEST_STEP][PASSED] - openBrowser(""): Browser is opened with url: ''

14-06-2024T15:19:02 - [MESSAGE][WARNING] - A browser is already opened. Closing browser and opening a new one

14-06-2024T15:19:02 - [MESSAGE][INFO] - Starting 'Chrome' driver

14-06-2024T15:19:02 - [MESSAGE][INFO] - Action delay is set to 0 milliseconds

14-06-2024T15:19:03 - [MESSAGE][PASSED] - Browser is opened with url: ''

14-06-2024T15:19:03 - [TEST_STEP][PASSED] - navigateToUrl("http://www.itcorelite.net/"): Navigate to 'http://www.itcorelite.net/' successfully

14-06-2024T15:19:10 - [MESSAGE][PASSED] - Navigate to 'http://www.itcorelite.net/' successfully

14-06-2024T15:19:10 - [TEST_STEP][PASSED] - click(findTestObject("Object Repository/itcore/Page_CIsco CCNA CCNP CCIE  Online Training _371a1d/span_Services")): Object: 'Object Repository/itcore/Page_CIsco CCNA CCNP CCIE  Online Training _371a1d/span_Services' is clicked on

14-06-2024T15:19:14 - [MESSAGE][PASSED] - Object: 'Object Repository/itcore/Page_CIsco CCNA CCNP CCIE  Online Training _371a1d/span_Services' is clicked on

14-06-2024T15:19:14 - [TEST_STEP][PASSED] - click(findTestObject("Object Repository/itcore/Page_Services  CCNA CCNP CCIE Tamil Trainin_e0bba9/span_ITCEMembers Zone")): Object: 'Object Repository/itcore/Page_Services  CCNA CCNP CCIE Tamil Trainin_e0bba9/span_ITCEMembers Zone' is clicked on

14-06-2024T15:19:16 - [MESSAGE][PASSED] - Object: 'Object Repository/itcore/Page_Services  CCNA CCNP CCIE Tamil Trainin_e0bba9/span_ITCEMembers Zone' is clicked on

14-06-2024T15:19:16 - [TEST_STEP][PASSED] - click(findTestObject("Object Repository/itcore/Page_ITCEMembers  CCNA CCNP CCIE Tamil Trai_d6a8fe/a_Virtual Lab")): Object: 'Object Repository/itcore/Page_ITCEMembers  CCNA CCNP CCIE Tamil Trai_d6a8fe/a_Virtual Lab' is clicked on

14-06-2024T15:19:38 - [MESSAGE][PASSED] - Object: 'Object Repository/itcore/Page_ITCEMembers  CCNA CCNP CCIE Tamil Trai_d6a8fe/a_Virtual Lab' is clicked on

14-06-2024T15:19:38 - [TEST_STEP][FAILED] - click(findTestObject("Object Repository/itcore/Page_ITCEMembers  CCNA CCNP CCIE Tamil Trai_d6a8fe/a_Job Openings")): Unable to click on object 'Object Repository/itcore/Page_ITCEMembers  CCNA CCNP CCIE Tamil Trai_d6a8fe/a_Job Openings' (Root cause: com.kms.katalon.core.exception.StepFailedException: Unable to click on object 'Object Repository/itcore/Page_ITCEMembers  CCNA CCNP CCIE Tamil Trai_d6a8fe/a_Job Openings'
	at com.kms.katalon.core.webui.keyword.internal.WebUIKeywordMain.stepFailed(WebUIKeywordMain.groovy:64)
	at com.kms.katalon.core.webui.keyword.internal.WebUIKeywordMain.runKeyword(WebUIKeywordMain.groovy:26)
	at com.kms.katalon.core.webui.keyword.builtin.ClickKeyword.click(ClickKeyword.groovy:74)
	at com.kms.katalon.core.webui.keyword.builtin.ClickKeyword.execute(ClickKeyword.groovy:40)
	at com.kms.katalon.core.keyword.internal.KeywordExecutor.executeKeywordForPlatform(KeywordExecutor.groovy:74)
	at com.kms.katalon.core.webui.keyword.WebUiBuiltInKeywords.click(WebUiBuiltInKeywords.groovy:659)
	at it_testcase.run(it_testcase:30)
	at com.kms.katalon.core.main.ScriptEngine.run(ScriptEngine.java:194)
	at com.kms.katalon.core.main.ScriptEngine.runScriptAsRawText(ScriptEngine.java:119)
	at com.kms.katalon.core.main.TestCaseExecutor.runScript(TestCaseExecutor.java:448)
	at com.kms.katalon.core.main.TestCaseExecutor.doExecute(TestCaseExecutor.java:439)
	at com.kms.katalon.core.main.TestCaseExecutor.processExecutionPhase(TestCaseExecutor.java:418)
	at com.kms.katalon.core.main.TestCaseExecutor.accessMainPhase(TestCaseExecutor.java:410)
	at com.kms.katalon.core.main.TestCaseExecutor.execute(TestCaseExecutor.java:285)
	at com.kms.katalon.core.main.TestCaseExecutor.execute(TestCaseExecutor.java:369)
	at com.kms.katalon.core.main.TestCaseExecutor.execute(TestCaseExecutor.java:369)
	at com.kms.katalon.core.main.TestCaseExecutor.execute(TestCaseExecutor.java:369)
	at com.kms.katalon.core.common.CommonExecutor.accessTestCaseMainPhase(CommonExecutor.java:65)
	at com.kms.katalon.core.main.TestSuiteExecutor.accessTestSuiteMainPhase(TestSuiteExecutor.java:150)
	at com.kms.katalon.core.main.TestSuiteExecutor.execute(TestSuiteExecutor.java:106)
	at com.kms.katalon.core.main.TestCaseMain.startTestSuite(TestCaseMain.java:180)
	at TempTestSuite1718357999317.run(TempTestSuite1718357999317.groovy:35)
	at java.base/jdk.internal.reflect.NativeMethodAccessorImpl.invoke0(Native Method)
	at java.base/jdk.internal.reflect.NativeMethodAccessorImpl.invoke(NativeMethodAccessorImpl.java:77)
	at java.base/jdk.internal.reflect.DelegatingMethodAccessorImpl.invoke(DelegatingMethodAccessorImpl.java:43)
Caused by: com.kms.katalon.core.webui.exception.WebElementNotFoundException: Web element with id: 'Object Repository/itcore/Page_ITCEMembers  CCNA CCNP CCIE Tamil Trai_d6a8fe/a_Job Openings' located by '//div[@id='av_section_1']/div/main/div/div/div[10]/article/div/header/h3/a' not found
	at com.kms.katalon.core.webui.common.WebUiCommonHelper.findWebElement(WebUiCommonHelper.java:1426)
	at com.kms.katalon.core.webui.keyword.internal.WebUIAbstractKeyword.findWebElement(WebUIAbstractKeyword.groovy:27)
	at com.kms.katalon.core.webui.keyword.builtin.ClickKeyword$_click_closure1.doCall(ClickKeyword.groovy:65)
	at com.kms.katalon.core.webui.keyword.builtin.ClickKeyword$_click_closure1.call(ClickKeyword.groovy)
	at com.kms.katalon.core.webui.keyword.internal.WebUIKeywordMain.runKeyword(WebUIKeywordMain.groovy:20)
	at com.kms.katalon.core.webui.keyword.builtin.ClickKeyword.click(ClickKeyword.groovy:74)
	at com.kms.katalon.core.webui.keyword.builtin.ClickKeyword.execute(ClickKeyword.groovy:40)
	at com.kms.katalon.core.keyword.internal.KeywordExecutor.executeKeywordForPlatform(KeywordExecutor.groovy:74)
	at com.kms.katalon.core.webui.keyword.WebUiBuiltInKeywords.click(WebUiBuiltInKeywords.groovy:659)
	at Script1718357708257.run(Script1718357708257.groovy:30)
	... 18 more
)

14-06-2024T15:20:09 - [MESSAGE][INFO] - Unable to find the element located by 'By.xpath: //div[@id='av_section_1']/div/main/div/div/div[10]/article/div/header/h3/a'. Please recheck the objects properties to make sure the desired element is located. 

14-06-2024T15:20:09 - [MESSAGE][WARNING] - [SELF-HEALING] Failed to find element with id 'Object Repository/itcore/Page_ITCEMembers  CCNA CCNP CCIE Tamil Trai_d6a8fe/a_Job Openings'. Try using Self-healing.

14-06-2024T15:20:09 - [MESSAGE][INFO] - [SELF-HEALING] Failed Locator: '//div[@id='av_section_1']/div/main/div/div/div[10]/article/div/header/h3/a'.

14-06-2024T15:20:09 - [MESSAGE][INFO] - [SELF-HEALING] Failed Locator: '//a[contains(text(),'Job Openings')]'.

14-06-2024T15:20:09 - [MESSAGE][INFO] - [SELF-HEALING] Failed Locator: '(.//*[normalize-space(text()) and normalize-space(.)='Virtual Lab'])[1]/following::a[2]'.

14-06-2024T15:20:09 - [MESSAGE][INFO] - [SELF-HEALING] Failed Locator: '(.//*[normalize-space(text()) and normalize-space(.)='Members ChatRoom'])[1]/following::a[4]'.

14-06-2024T15:20:09 - [MESSAGE][INFO] - [SELF-HEALING] Failed Locator: '(.//*[normalize-space(text()) and normalize-space(.)='TOOLS AND DOWNLOADS'])[1]/preceding::a[2]'.

14-06-2024T15:20:09 - [MESSAGE][INFO] - [SELF-HEALING] Failed Locator: '(.//*[normalize-space(text()) and normalize-space(.)='MEMBERS VOICE & VIDEOS'])[1]/preceding::a[4]'.

14-06-2024T15:20:09 - [MESSAGE][INFO] - [SELF-HEALING] Failed Locator: '//*/text()[normalize-space(.)='Job Openings']/parent::*'.

14-06-2024T15:20:09 - [MESSAGE][INFO] - [SELF-HEALING] Failed Locator: '(//a[@href='http://www.itcorelite.net/info/'])[6]'.

14-06-2024T15:20:09 - [MESSAGE][INFO] - [SELF-HEALING] Failed Locator: '//div[10]/article/div/header/h3/a'.

14-06-2024T15:20:09 - [MESSAGE][INFO] - [SELF-HEALING] Failed Locator: '//a[@href = 'http://www.itcorelite.net/info/' and @title = 'Job Openings' and (text() = 'Job Openings' or . = 'Job Openings')]'.

14-06-2024T15:20:09 - [MESSAGE][INFO] - [SELF-HEALING] Failed Locator: '//div[@id='av_section_1']/div/main/div/div/div[10]/article/div/header/h3/a'.

14-06-2024T15:20:09 - [MESSAGE][INFO] - [SELF-HEALING] Failed Locator: '//a[contains(text(),'Job Openings')]'.

14-06-2024T15:20:09 - [MESSAGE][INFO] - [SELF-HEALING] Failed Locator: '(.//*[normalize-space(text()) and normalize-space(.)='Virtual Lab'])[1]/following::a[2]'.

14-06-2024T15:20:09 - [MESSAGE][INFO] - [SELF-HEALING] Failed Locator: '(.//*[normalize-space(text()) and normalize-space(.)='Members ChatRoom'])[1]/following::a[4]'.

14-06-2024T15:20:09 - [MESSAGE][INFO] - [SELF-HEALING] Failed Locator: '(.//*[normalize-space(text()) and normalize-space(.)='TOOLS AND DOWNLOADS'])[1]/preceding::a[2]'.

14-06-2024T15:20:09 - [MESSAGE][INFO] - [SELF-HEALING] Failed Locator: '(.//*[normalize-space(text()) and normalize-space(.)='MEMBERS VOICE & VIDEOS'])[1]/preceding::a[4]'.

14-06-2024T15:20:09 - [MESSAGE][INFO] - [SELF-HEALING] Failed Locator: '//*/text()[normalize-space(.)='Job Openings']/parent::*'.

14-06-2024T15:20:09 - [MESSAGE][INFO] - [SELF-HEALING] Failed Locator: '(//a[@href='http://www.itcorelite.net/info/'])[6]'.

14-06-2024T15:20:09 - [MESSAGE][INFO] - [SELF-HEALING] Failed Locator: '//div[10]/article/div/header/h3/a'.

14-06-2024T15:20:09 - [MESSAGE][INFO] - [SELF-HEALING] Failed Locator: '//a[@href = 'http://www.itcorelite.net/info/' and @title = 'Job Openings' and (text() = 'Job Openings' or . = 'Job Openings')]'.

14-06-2024T15:20:09 - [MESSAGE][INFO] - [SELF-HEALING] Failed Locator: '//div[@id='av_section_1']/div/main/div/div/div[10]/article/div/header/h3/a'.

14-06-2024T15:20:09 - [MESSAGE][INFO] - [SELF-HEALING] Failed Locator: '//a[contains(text(),'Job Openings')]'.

14-06-2024T15:20:09 - [MESSAGE][INFO] - [SELF-HEALING] Failed Locator: '(.//*[normalize-space(text()) and normalize-space(.)='Virtual Lab'])[1]/following::a[2]'.

14-06-2024T15:20:09 - [MESSAGE][INFO] - [SELF-HEALING] Failed Locator: '(.//*[normalize-space(text()) and normalize-space(.)='Members ChatRoom'])[1]/following::a[4]'.

14-06-2024T15:20:09 - [MESSAGE][INFO] - [SELF-HEALING] Failed Locator: '(.//*[normalize-space(text()) and normalize-space(.)='TOOLS AND DOWNLOADS'])[1]/preceding::a[2]'.

14-06-2024T15:20:09 - [MESSAGE][INFO] - [SELF-HEALING] Failed Locator: '(.//*[normalize-space(text()) and normalize-space(.)='MEMBERS VOICE & VIDEOS'])[1]/preceding::a[4]'.

14-06-2024T15:20:09 - [MESSAGE][INFO] - [SELF-HEALING] Failed Locator: '//*/text()[normalize-space(.)='Job Openings']/parent::*'.

14-06-2024T15:20:09 - [MESSAGE][INFO] - [SELF-HEALING] Failed Locator: '(//a[@href='http://www.itcorelite.net/info/'])[6]'.

14-06-2024T15:20:09 - [MESSAGE][INFO] - [SELF-HEALING] Failed Locator: '//div[10]/article/div/header/h3/a'.

14-06-2024T15:20:09 - [MESSAGE][INFO] - [SELF-HEALING] Failed Locator: '//a[@href = 'http://www.itcorelite.net/info/' and @title = 'Job Openings' and (text() = 'Job Openings' or . = 'Job Openings')]'.

14-06-2024T15:20:09 - [MESSAGE][INFO] - [SELF-HEALING] Failed Locator: '//div[@id='av_section_1']/div/main/div/div/div[10]/article/div/header/h3/a'.

14-06-2024T15:20:09 - [MESSAGE][INFO] - [SELF-HEALING] Failed Locator: '//a[contains(text(),'Job Openings')]'.

14-06-2024T15:20:09 - [MESSAGE][INFO] - [SELF-HEALING] Failed Locator: '(.//*[normalize-space(text()) and normalize-space(.)='Virtual Lab'])[1]/following::a[2]'.

14-06-2024T15:20:09 - [MESSAGE][INFO] - [SELF-HEALING] Failed Locator: '(.//*[normalize-space(text()) and normalize-space(.)='Members ChatRoom'])[1]/following::a[4]'.

14-06-2024T15:20:09 - [MESSAGE][INFO] - [SELF-HEALING] Failed Locator: '(.//*[normalize-space(text()) and normalize-space(.)='TOOLS AND DOWNLOADS'])[1]/preceding::a[2]'.

14-06-2024T15:20:10 - [MESSAGE][INFO] - [SELF-HEALING] Failed Locator: '(.//*[normalize-space(text()) and normalize-space(.)='MEMBERS VOICE & VIDEOS'])[1]/preceding::a[4]'.

14-06-2024T15:20:10 - [MESSAGE][INFO] - [SELF-HEALING] Failed Locator: '//*/text()[normalize-space(.)='Job Openings']/parent::*'.

14-06-2024T15:20:10 - [MESSAGE][INFO] - [SELF-HEALING] Failed Locator: '(//a[@href='http://www.itcorelite.net/info/'])[6]'.

14-06-2024T15:20:10 - [MESSAGE][INFO] - [SELF-HEALING] Failed Locator: '//div[10]/article/div/header/h3/a'.

14-06-2024T15:20:10 - [MESSAGE][INFO] - [SELF-HEALING] Failed Locator: '//a[@href = 'http://www.itcorelite.net/info/' and @title = 'Job Openings' and (text() = 'Job Openings' or . = 'Job Openings')]'.

14-06-2024T15:20:10 - [MESSAGE][INFO] - [SELF-HEALING] Failed Locator: '//div[@id='av_section_1']/div/main/div/div/div[10]/article/div/header/h3/a'.

14-06-2024T15:20:10 - [MESSAGE][INFO] - [SELF-HEALING] Failed Locator: '//a[contains(text(),'Job Openings')]'.

14-06-2024T15:20:10 - [MESSAGE][INFO] - [SELF-HEALING] Failed Locator: '(.//*[normalize-space(text()) and normalize-space(.)='Virtual Lab'])[1]/following::a[2]'.

14-06-2024T15:20:10 - [MESSAGE][INFO] - [SELF-HEALING] Failed Locator: '(.//*[normalize-space(text()) and normalize-space(.)='Members ChatRoom'])[1]/following::a[4]'.

14-06-2024T15:20:10 - [MESSAGE][INFO] - [SELF-HEALING] Failed Locator: '(.//*[normalize-space(text()) and normalize-space(.)='TOOLS AND DOWNLOADS'])[1]/preceding::a[2]'.

14-06-2024T15:20:10 - [MESSAGE][INFO] - [SELF-HEALING] Failed Locator: '(.//*[normalize-space(text()) and normalize-space(.)='MEMBERS VOICE & VIDEOS'])[1]/preceding::a[4]'.

14-06-2024T15:20:10 - [MESSAGE][INFO] - [SELF-HEALING] Failed Locator: '//*/text()[normalize-space(.)='Job Openings']/parent::*'.

14-06-2024T15:20:10 - [MESSAGE][INFO] - [SELF-HEALING] Failed Locator: '(//a[@href='http://www.itcorelite.net/info/'])[6]'.

14-06-2024T15:20:10 - [MESSAGE][INFO] - [SELF-HEALING] Failed Locator: '//div[10]/article/div/header/h3/a'.

14-06-2024T15:20:10 - [MESSAGE][INFO] - [SELF-HEALING] Failed Locator: '//a[@href = 'http://www.itcorelite.net/info/' and @title = 'Job Openings' and (text() = 'Job Openings' or . = 'Job Openings')]'.

14-06-2024T15:20:10 - [MESSAGE][INFO] - [SELF-HEALING] Failed Locator: '//div[@id='av_section_1']/div/main/div/div/div[10]/article/div/header/h3/a'.

14-06-2024T15:20:10 - [MESSAGE][INFO] - [SELF-HEALING] Failed Locator: '//a[contains(text(),'Job Openings')]'.

14-06-2024T15:20:10 - [MESSAGE][INFO] - [SELF-HEALING] Failed Locator: '(.//*[normalize-space(text()) and normalize-space(.)='Virtual Lab'])[1]/following::a[2]'.

14-06-2024T15:20:10 - [MESSAGE][INFO] - [SELF-HEALING] Failed Locator: '(.//*[normalize-space(text()) and normalize-space(.)='Members ChatRoom'])[1]/following::a[4]'.

14-06-2024T15:20:10 - [MESSAGE][INFO] - [SELF-HEALING] Failed Locator: '(.//*[normalize-space(text()) and normalize-space(.)='TOOLS AND DOWNLOADS'])[1]/preceding::a[2]'.

14-06-2024T15:20:10 - [MESSAGE][INFO] - [SELF-HEALING] Failed Locator: '(.//*[normalize-space(text()) and normalize-space(.)='MEMBERS VOICE & VIDEOS'])[1]/preceding::a[4]'.

14-06-2024T15:20:10 - [MESSAGE][INFO] - [SELF-HEALING] Failed Locator: '//*/text()[normalize-space(.)='Job Openings']/parent::*'.

14-06-2024T15:20:10 - [MESSAGE][INFO] - [SELF-HEALING] Failed Locator: '(//a[@href='http://www.itcorelite.net/info/'])[6]'.

14-06-2024T15:20:10 - [MESSAGE][INFO] - [SELF-HEALING] Failed Locator: '//div[10]/article/div/header/h3/a'.

14-06-2024T15:20:10 - [MESSAGE][INFO] - [SELF-HEALING] Failed Locator: '//a[@href = 'http://www.itcorelite.net/info/' and @title = 'Job Openings' and (text() = 'Job Openings' or . = 'Job Openings')]'.

14-06-2024T15:20:10 - [MESSAGE][INFO] - [SELF-HEALING] Failed Locator: '//div[@id='av_section_1']/div/main/div/div/div[10]/article/div/header/h3/a'.

14-06-2024T15:20:10 - [MESSAGE][INFO] - [SELF-HEALING] Failed Locator: '//a[contains(text(),'Job Openings')]'.

14-06-2024T15:20:10 - [MESSAGE][INFO] - [SELF-HEALING] Failed Locator: '(.//*[normalize-space(text()) and normalize-space(.)='Virtual Lab'])[1]/following::a[2]'.

14-06-2024T15:20:10 - [MESSAGE][INFO] - [SELF-HEALING] Failed Locator: '(.//*[normalize-space(text()) and normalize-space(.)='Members ChatRoom'])[1]/following::a[4]'.

14-06-2024T15:20:10 - [MESSAGE][INFO] - [SELF-HEALING] Failed Locator: '(.//*[normalize-space(text()) and normalize-space(.)='TOOLS AND DOWNLOADS'])[1]/preceding::a[2]'.

14-06-2024T15:20:10 - [MESSAGE][INFO] - [SELF-HEALING] Failed Locator: '(.//*[normalize-space(text()) and normalize-space(.)='MEMBERS VOICE & VIDEOS'])[1]/preceding::a[4]'.

14-06-2024T15:20:10 - [MESSAGE][INFO] - [SELF-HEALING] Failed Locator: '//*/text()[normalize-space(.)='Job Openings']/parent::*'.

14-06-2024T15:20:10 - [MESSAGE][INFO] - [SELF-HEALING] Failed Locator: '(//a[@href='http://www.itcorelite.net/info/'])[6]'.

14-06-2024T15:20:10 - [MESSAGE][INFO] - [SELF-HEALING] Failed Locator: '//div[10]/article/div/header/h3/a'.

14-06-2024T15:20:10 - [MESSAGE][INFO] - [SELF-HEALING] Failed Locator: '//a[@href = 'http://www.itcorelite.net/info/' and @title = 'Job Openings' and (text() = 'Job Openings' or . = 'Job Openings')]'.

14-06-2024T15:20:12 - [MESSAGE][INFO] - Unable to find the element located by 'By.xpath: //*[@href = 'http://www.itcorelite.net/info/' and @title = 'Job Openings' and (text() = 'Job Openings' or . = 'Job Openings')]'. Please recheck the objects properties to make sure the desired element is located. 

14-06-2024T15:20:13 - [MESSAGE][INFO] - Unable to find the element located by 'By.cssSelector: h3.iconbox_content_title > a[title="Job Openings"]'. Please recheck the objects properties to make sure the desired element is located. 

14-06-2024T15:20:13 - [MESSAGE][FAILED] - Unable to click on object 'Object Repository/itcore/Page_ITCEMembers  CCNA CCNP CCIE Tamil Trai_d6a8fe/a_Job Openings' (Root cause: com.kms.katalon.core.exception.StepFailedException: Unable to click on object 'Object Repository/itcore/Page_ITCEMembers  CCNA CCNP CCIE Tamil Trai_d6a8fe/a_Job Openings'
	at com.kms.katalon.core.webui.keyword.internal.WebUIKeywordMain.stepFailed(WebUIKeywordMain.groovy:64)
	at com.kms.katalon.core.webui.keyword.internal.WebUIKeywordMain.runKeyword(WebUIKeywordMain.groovy:26)
	at com.kms.katalon.core.webui.keyword.builtin.ClickKeyword.click(ClickKeyword.groovy:74)
	at com.kms.katalon.core.webui.keyword.builtin.ClickKeyword.execute(ClickKeyword.groovy:40)
	at com.kms.katalon.core.keyword.internal.KeywordExecutor.executeKeywordForPlatform(KeywordExecutor.groovy:74)
	at com.kms.katalon.core.webui.keyword.WebUiBuiltInKeywords.click(WebUiBuiltInKeywords.groovy:659)
	at it_testcase.run(it_testcase:30)
	at com.kms.katalon.core.main.ScriptEngine.run(ScriptEngine.java:194)
	at com.kms.katalon.core.main.ScriptEngine.runScriptAsRawText(ScriptEngine.java:119)
	at com.kms.katalon.core.main.TestCaseExecutor.runScript(TestCaseExecutor.java:448)
	at com.kms.katalon.core.main.TestCaseExecutor.doExecute(TestCaseExecutor.java:439)
	at com.kms.katalon.core.main.TestCaseExecutor.processExecutionPhase(TestCaseExecutor.java:418)
	at com.kms.katalon.core.main.TestCaseExecutor.accessMainPhase(TestCaseExecutor.java:410)
	at com.kms.katalon.core.main.TestCaseExecutor.execute(TestCaseExecutor.java:285)
	at com.kms.katalon.core.main.TestCaseExecutor.execute(TestCaseExecutor.java:369)
	at com.kms.katalon.core.main.TestCaseExecutor.execute(TestCaseExecutor.java:369)
	at com.kms.katalon.core.main.TestCaseExecutor.execute(TestCaseExecutor.java:369)
	at com.kms.katalon.core.common.CommonExecutor.accessTestCaseMainPhase(CommonExecutor.java:65)
	at com.kms.katalon.core.main.TestSuiteExecutor.accessTestSuiteMainPhase(TestSuiteExecutor.java:150)
	at com.kms.katalon.core.main.TestSuiteExecutor.execute(TestSuiteExecutor.java:106)
	at com.kms.katalon.core.main.TestCaseMain.startTestSuite(TestCaseMain.java:180)
	at TempTestSuite1718357999317.run(TempTestSuite1718357999317.groovy:35)
	at java.base/jdk.internal.reflect.NativeMethodAccessorImpl.invoke0(Native Method)
	at java.base/jdk.internal.reflect.NativeMethodAccessorImpl.invoke(NativeMethodAccessorImpl.java:77)
	at java.base/jdk.internal.reflect.DelegatingMethodAccessorImpl.invoke(DelegatingMethodAccessorImpl.java:43)
Caused by: com.kms.katalon.core.webui.exception.WebElementNotFoundException: Web element with id: 'Object Repository/itcore/Page_ITCEMembers  CCNA CCNP CCIE Tamil Trai_d6a8fe/a_Job Openings' located by '//div[@id='av_section_1']/div/main/div/div/div[10]/article/div/header/h3/a' not found
	at com.kms.katalon.core.webui.common.WebUiCommonHelper.findWebElement(WebUiCommonHelper.java:1426)
	at com.kms.katalon.core.webui.keyword.internal.WebUIAbstractKeyword.findWebElement(WebUIAbstractKeyword.groovy:27)
	at com.kms.katalon.core.webui.keyword.builtin.ClickKeyword$_click_closure1.doCall(ClickKeyword.groovy:65)
	at com.kms.katalon.core.webui.keyword.builtin.ClickKeyword$_click_closure1.call(ClickKeyword.groovy)
	at com.kms.katalon.core.webui.keyword.internal.WebUIKeywordMain.runKeyword(WebUIKeywordMain.groovy:20)
	at com.kms.katalon.core.webui.keyword.builtin.ClickKeyword.click(ClickKeyword.groovy:74)
	at com.kms.katalon.core.webui.keyword.builtin.ClickKeyword.execute(ClickKeyword.groovy:40)
	at com.kms.katalon.core.keyword.internal.KeywordExecutor.executeKeywordForPlatform(KeywordExecutor.groovy:74)
	at com.kms.katalon.core.webui.keyword.WebUiBuiltInKeywords.click(WebUiBuiltInKeywords.groovy:659)
	at Script1718357708257.run(Script1718357708257.groovy:30)
	... 18 more
)
[[ATTACHMENT|C:\\Users\\RUSA-L2PC-42\\Katalon Studio\\PERUMAL\\Reports\\20240614_150959\\itcore\\20240614_150959\\1718358613500.png]]]]></system-out>
         <system-err><![CDATA[14-06-2024T15:19:02 - [TEST_CASE][FAILED] - Test Cases/ITCORE/it_testcase: Test Cases/ITCORE/it_testcase FAILED.
Reason:
com.kms.katalon.core.exception.StepFailedException: Unable to click on object 'Object Repository/itcore/Page_ITCEMembers  CCNA CCNP CCIE Tamil Trai_d6a8fe/a_Job Openings'
	at com.kms.katalon.core.webui.keyword.internal.WebUIKeywordMain.stepFailed(WebUIKeywordMain.groovy:64)
	at com.kms.katalon.core.webui.keyword.internal.WebUIKeywordMain.runKeyword(WebUIKeywordMain.groovy:26)
	at com.kms.katalon.core.webui.keyword.builtin.ClickKeyword.click(ClickKeyword.groovy:74)
	at com.kms.katalon.core.webui.keyword.builtin.ClickKeyword.execute(ClickKeyword.groovy:40)
	at com.kms.katalon.core.keyword.internal.KeywordExecutor.executeKeywordForPlatform(KeywordExecutor.groovy:74)
	at com.kms.katalon.core.webui.keyword.WebUiBuiltInKeywords.click(WebUiBuiltInKeywords.groovy:659)
	at it_testcase.run(it_testcase:30)
	at com.kms.katalon.core.main.ScriptEngine.run(ScriptEngine.java:194)
	at com.kms.katalon.core.main.ScriptEngine.runScriptAsRawText(ScriptEngine.java:119)
	at com.kms.katalon.core.main.TestCaseExecutor.runScript(TestCaseExecutor.java:448)
	at com.kms.katalon.core.main.TestCaseExecutor.doExecute(TestCaseExecutor.java:439)
	at com.kms.katalon.core.main.TestCaseExecutor.processExecutionPhase(TestCaseExecutor.java:418)
	at com.kms.katalon.core.main.TestCaseExecutor.accessMainPhase(TestCaseExecutor.java:410)
	at com.kms.katalon.core.main.TestCaseExecutor.execute(TestCaseExecutor.java:285)
	at com.kms.katalon.core.main.TestCaseExecutor.execute(TestCaseExecutor.java:369)
	at com.kms.katalon.core.main.TestCaseExecutor.execute(TestCaseExecutor.java:369)
	at com.kms.katalon.core.main.TestCaseExecutor.execute(TestCaseExecutor.java:369)
	at com.kms.katalon.core.common.CommonExecutor.accessTestCaseMainPhase(CommonExecutor.java:65)
	at com.kms.katalon.core.main.TestSuiteExecutor.accessTestSuiteMainPhase(TestSuiteExecutor.java:150)
	at com.kms.katalon.core.main.TestSuiteExecutor.execute(TestSuiteExecutor.java:106)
	at com.kms.katalon.core.main.TestCaseMain.startTestSuite(TestCaseMain.java:180)
	at TempTestSuite1718357999317.run(TempTestSuite1718357999317.groovy:35)
	at java.base/jdk.internal.reflect.NativeMethodAccessorImpl.invoke0(Native Method)
	at java.base/jdk.internal.reflect.NativeMethodAccessorImpl.invoke(NativeMethodAccessorImpl.java:77)
	at java.base/jdk.internal.reflect.DelegatingMethodAccessorImpl.invoke(DelegatingMethodAccessorImpl.java:43)
Caused by: com.kms.katalon.core.webui.exception.WebElementNotFoundException: Web element with id: 'Object Repository/itcore/Page_ITCEMembers  CCNA CCNP CCIE Tamil Trai_d6a8fe/a_Job Openings' located by '//div[@id='av_section_1']/div/main/div/div/div[10]/article/div/header/h3/a' not found
	at com.kms.katalon.core.webui.common.WebUiCommonHelper.findWebElement(WebUiCommonHelper.java:1426)
	at com.kms.katalon.core.webui.keyword.internal.WebUIAbstractKeyword.findWebElement(WebUIAbstractKeyword.groovy:27)
	at com.kms.katalon.core.webui.keyword.builtin.ClickKeyword$_click_closure1.doCall(ClickKeyword.groovy:65)
	at com.kms.katalon.core.webui.keyword.builtin.ClickKeyword$_click_closure1.call(ClickKeyword.groovy)
	at com.kms.katalon.core.webui.keyword.internal.WebUIKeywordMain.runKeyword(WebUIKeywordMain.groovy:20)
	... 23 more]]></system-err>
      </testcase>
      <system-out><![CDATA[14-06-2024T15:10:09 - [TEST_SUITE][FAILED] - itcore: Test Cases/ITCORE/it_testcase FAILED.
Reason:
com.kms.katalon.core.exception.StepFailedException: Unable to click on object 'Object Repository/itcore/Page_ITCEMembers  CCNA CCNP CCIE Tamil Trai_d6a8fe/a_Job Openings'
	at com.kms.katalon.core.webui.keyword.internal.WebUIKeywordMain.stepFailed(WebUIKeywordMain.groovy:64)
	at com.kms.katalon.core.webui.keyword.internal.WebUIKeywordMain.runKeyword(WebUIKeywordMain.groovy:26)
	at com.kms.katalon.core.webui.keyword.builtin.ClickKeyword.click(ClickKeyword.groovy:74)
	at com.kms.katalon.core.webui.keyword.builtin.ClickKeyword.execute(ClickKeyword.groovy:40)
	at com.kms.katalon.core.keyword.internal.KeywordExecutor.executeKeywordForPlatform(KeywordExecutor.groovy:74)
	at com.kms.katalon.core.webui.keyword.WebUiBuiltInKeywords.click(WebUiBuiltInKeywords.groovy:659)
	at it_testcase.run(it_testcase:30)
	at com.kms.katalon.core.main.ScriptEngine.run(ScriptEngine.java:194)
	at com.kms.katalon.core.main.ScriptEngine.runScriptAsRawText(ScriptEngine.java:119)
	at com.kms.katalon.core.main.TestCaseExecutor.runScript(TestCaseExecutor.java:448)
	at com.kms.katalon.core.main.TestCaseExecutor.doExecute(TestCaseExecutor.java:439)
	at com.kms.katalon.core.main.TestCaseExecutor.processExecutionPhase(TestCaseExecutor.java:418)
	at com.kms.katalon.core.main.TestCaseExecutor.accessMainPhase(TestCaseExecutor.java:410)
	at com.kms.katalon.core.main.TestCaseExecutor.execute(TestCaseExecutor.java:285)
	at com.kms.katalon.core.common.CommonExecutor.accessTestCaseMainPhase(CommonExecutor.java:65)
	at com.kms.katalon.core.main.TestSuiteExecutor.accessTestSuiteMainPhase(TestSuiteExecutor.java:150)
	at com.kms.katalon.core.main.TestSuiteExecutor.execute(TestSuiteExecutor.java:106)
	at com.kms.katalon.core.main.TestCaseMain.startTestSuite(TestCaseMain.java:180)
	at TempTestSuite1718357999317.run(TempTestSuite1718357999317.groovy:35)
	at java.base/jdk.internal.reflect.NativeMethodAccessorImpl.invoke0(Native Method)
	at java.base/jdk.internal.reflect.NativeMethodAccessorImpl.invoke(NativeMethodAccessorImpl.java:77)
	at java.base/jdk.internal.reflect.DelegatingMethodAccessorImpl.invoke(DelegatingMethodAccessorImpl.java:43)
Caused by: com.kms.katalon.core.webui.exception.WebElementNotFoundException: Web element with id: 'Object Repository/itcore/Page_ITCEMembers  CCNA CCNP CCIE Tamil Trai_d6a8fe/a_Job Openings' located by '//div[@id='av_section_1']/div/main/div/div/div[10]/article/div/header/h3/a' not found
	at com.kms.katalon.core.webui.common.WebUiCommonHelper.findWebElement(WebUiCommonHelper.java:1426)
	at com.kms.katalon.core.webui.keyword.internal.WebUIAbstractKeyword.findWebElement(WebUIAbstractKeyword.groovy:27)
	at com.kms.katalon.core.webui.keyword.builtin.ClickKeyword$_click_closure1.doCall(ClickKeyword.groovy:65)
	at com.kms.katalon.core.webui.keyword.builtin.ClickKeyword$_click_closure1.call(ClickKeyword.groovy)
	at com.kms.katalon.core.webui.keyword.internal.WebUIKeywordMain.runKeyword(WebUIKeywordMain.groovy:20)
	... 20 more]]></system-out>
      <system-err><![CDATA[14-06-2024T15:10:09 - [TEST_SUITE][FAILED] - itcore: Test Cases/ITCORE/it_testcase FAILED.
Reason:
com.kms.katalon.core.exception.StepFailedException: Unable to click on object 'Object Repository/itcore/Page_ITCEMembers  CCNA CCNP CCIE Tamil Trai_d6a8fe/a_Job Openings'
	at com.kms.katalon.core.webui.keyword.internal.WebUIKeywordMain.stepFailed(WebUIKeywordMain.groovy:64)
	at com.kms.katalon.core.webui.keyword.internal.WebUIKeywordMain.runKeyword(WebUIKeywordMain.groovy:26)
	at com.kms.katalon.core.webui.keyword.builtin.ClickKeyword.click(ClickKeyword.groovy:74)
	at com.kms.katalon.core.webui.keyword.builtin.ClickKeyword.execute(ClickKeyword.groovy:40)
	at com.kms.katalon.core.keyword.internal.KeywordExecutor.executeKeywordForPlatform(KeywordExecutor.groovy:74)
	at com.kms.katalon.core.webui.keyword.WebUiBuiltInKeywords.click(WebUiBuiltInKeywords.groovy:659)
	at it_testcase.run(it_testcase:30)
	at com.kms.katalon.core.main.ScriptEngine.run(ScriptEngine.java:194)
	at com.kms.katalon.core.main.ScriptEngine.runScriptAsRawText(ScriptEngine.java:119)
	at com.kms.katalon.core.main.TestCaseExecutor.runScript(TestCaseExecutor.java:448)
	at com.kms.katalon.core.main.TestCaseExecutor.doExecute(TestCaseExecutor.java:439)
	at com.kms.katalon.core.main.TestCaseExecutor.processExecutionPhase(TestCaseExecutor.java:418)
	at com.kms.katalon.core.main.TestCaseExecutor.accessMainPhase(TestCaseExecutor.java:410)
	at com.kms.katalon.core.main.TestCaseExecutor.execute(TestCaseExecutor.java:285)
	at com.kms.katalon.core.common.CommonExecutor.accessTestCaseMainPhase(CommonExecutor.java:65)
	at com.kms.katalon.core.main.TestSuiteExecutor.accessTestSuiteMainPhase(TestSuiteExecutor.java:150)
	at com.kms.katalon.core.main.TestSuiteExecutor.execute(TestSuiteExecutor.java:106)
	at com.kms.katalon.core.main.TestCaseMain.startTestSuite(TestCaseMain.java:180)
	at TempTestSuite1718357999317.run(TempTestSuite1718357999317.groovy:35)
	at java.base/jdk.internal.reflect.NativeMethodAccessorImpl.invoke0(Native Method)
	at java.base/jdk.internal.reflect.NativeMethodAccessorImpl.invoke(NativeMethodAccessorImpl.java:77)
	at java.base/jdk.internal.reflect.DelegatingMethodAccessorImpl.invoke(DelegatingMethodAccessorImpl.java:43)
Caused by: com.kms.katalon.core.webui.exception.WebElementNotFoundException: Web element with id: 'Object Repository/itcore/Page_ITCEMembers  CCNA CCNP CCIE Tamil Trai_d6a8fe/a_Job Openings' located by '//div[@id='av_section_1']/div/main/div/div/div[10]/article/div/header/h3/a' not found
	at com.kms.katalon.core.webui.common.WebUiCommonHelper.findWebElement(WebUiCommonHelper.java:1426)
	at com.kms.katalon.core.webui.keyword.internal.WebUIAbstractKeyword.findWebElement(WebUIAbstractKeyword.groovy:27)
	at com.kms.katalon.core.webui.keyword.builtin.ClickKeyword$_click_closure1.doCall(ClickKeyword.groovy:65)
	at com.kms.katalon.core.webui.keyword.builtin.ClickKeyword$_click_closure1.call(ClickKeyword.groovy)
	at com.kms.katalon.core.webui.keyword.internal.WebUIKeywordMain.runKeyword(WebUIKeywordMain.groovy:20)
	... 20 more]]></system-err>
   </testsuite>
</testsuites>
